<?xml version="1.0" encoding="UTF-8"?>
<!-- Generated by org.testng.reporters.JUnitXMLReporter -->
<testsuite hostname="DESKTOP-VQPCM3C" ignored="1" name="ChrtomeTest" tests="2" failures="0" timestamp="26 Jun 2022 14:53:06 GMT" time="36.316" errors="0">
  <testcase name="@BeforeMethod setUpTestReport" time="21.147" classname="com.automation.tests.BaseTest">
    <failure type="java.lang.NullPointerException">
      <![CDATA[java.lang.NullPointerException
	at com.automation.tests.BaseTest.setUpTestReport(BaseTest.java:75)
... Removed 28 stack frames]]>
    </failure>
  </testcase> <!-- @BeforeMethod setUpTestReport -->
  <testcase name="@BeforeMethod setUpTestReport" time="14.97" classname="com.automation.tests.BaseTest">
    <failure type="java.lang.NullPointerException">
      <![CDATA[java.lang.NullPointerException
	at com.automation.tests.BaseTest.setUpTestReport(BaseTest.java:75)
... Removed 28 stack frames]]>
    </failure>
  </testcase> <!-- @BeforeMethod setUpTestReport -->
  <testcase name="loginTest3" time="0.003" classname="com.automation.tests.LoginTests">
    <skipped/>
  </testcase> <!-- loginTest3 -->
  <testcase name="loginTest3" time="0.0" classname="com.automation.tests.LoginTests">
    <skipped/>
  </testcase> <!-- loginTest3 -->
  <testcase name="loginTest2" time="0.0" classname="com.automation.tests.LoginTests">
    <ignored/>
  </testcase> <!-- loginTest2 -->
</testsuite> <!-- ChrtomeTest -->
